d:\用户目录\我的文档\visual studio 2013\projects\consoleapplication2\learnc\solution\consoleapplication2\debug\consoleapplication2.pch
d:\用户目录\我的文档\visual studio 2013\projects\consoleapplication2\learnc\solution\consoleapplication2\debug\vc120.pdb
d:\用户目录\我的文档\visual studio 2013\projects\consoleapplication2\learnc\solution\consoleapplication2\debug\vc120.idb
d:\用户目录\我的文档\visual studio 2013\projects\consoleapplication2\learnc\solution\consoleapplication2\debug\stdafx.obj
d:\用户目录\我的文档\visual studio 2013\projects\consoleapplication2\learnc\solution\consoleapplication2\debug\a.obj
d:\用户目录\我的文档\visual studio 2013\projects\consoleapplication2\learnc\solution\consoleapplication2\debug\b.obj
d:\用户目录\我的文档\visual studio 2013\projects\consoleapplication2\learnc\solution\consoleapplication2\debug\b1.obj
d:\用户目录\我的文档\visual studio 2013\projects\consoleapplication2\learnc\solution\consoleapplication2\debug\b2.obj
d:\用户目录\我的文档\visual studio 2013\projects\consoleapplication2\learnc\solution\consoleapplication2\debug\child01.obj
d:\用户目录\我的文档\visual studio 2013\projects\consoleapplication2\learnc\solution\consoleapplication2\debug\dq.obj
d:\用户目录\我的文档\visual studio 2013\projects\consoleapplication2\learnc\solution\consoleapplication2\debug\dw.obj
d:\用户目录\我的文档\visual studio 2013\projects\consoleapplication2\learnc\solution\consoleapplication2\debug\consoleapplication2.obj
d:\用户目录\我的文档\visual studio 2013\projects\consoleapplication2\learnc\solution\consoleapplication2\debug\frienda.obj
d:\用户目录\我的文档\visual studio 2013\projects\consoleapplication2\learnc\solution\consoleapplication2\debug\friendb.obj
d:\用户目录\我的文档\visual studio 2013\projects\consoleapplication2\learnc\solution\consoleapplication2\debug\myarray.obj
d:\用户目录\我的文档\visual studio 2013\projects\consoleapplication2\learnc\solution\consoleapplication2\debug\parent01.obj
d:\用户目录\我的文档\visual studio 2013\projects\consoleapplication2\learnc\solution\debug\consoleapplication2.ilk
d:\用户目录\我的文档\visual studio 2013\projects\consoleapplication2\learnc\solution\debug\consoleapplication2.exe
d:\用户目录\我的文档\visual studio 2013\projects\consoleapplication2\learnc\solution\debug\consoleapplication2.pdb
d:\用户目录\我的文档\visual studio 2013\projects\consoleapplication2\learnc\solution\consoleapplication2\debug\consolea.91a21ad2.tlog\cl.command.1.tlog
d:\用户目录\我的文档\visual studio 2013\projects\consoleapplication2\learnc\solution\consoleapplication2\debug\consolea.91a21ad2.tlog\cl.read.1.tlog
d:\用户目录\我的文档\visual studio 2013\projects\consoleapplication2\learnc\solution\consoleapplication2\debug\consolea.91a21ad2.tlog\cl.write.1.tlog
d:\用户目录\我的文档\visual studio 2013\projects\consoleapplication2\learnc\solution\consoleapplication2\debug\consolea.91a21ad2.tlog\link.command.1.tlog
d:\用户目录\我的文档\visual studio 2013\projects\consoleapplication2\learnc\solution\consoleapplication2\debug\consolea.91a21ad2.tlog\link.read.1.tlog
d:\用户目录\我的文档\visual studio 2013\projects\consoleapplication2\learnc\solution\consoleapplication2\debug\consolea.91a21ad2.tlog\link.write.1.tlog
