生成启动时间为 2017/10/18 16:49:07。
     1>项目“D:\用户目录\我的文档\Visual Studio 2013\Projects\ConsoleApplication2\learnc\solution\ConsoleApplication2\ConsoleApplication2.vcxproj”在节点 2 上(Build 个目标)。
     1>ClCompile:
         D:\Program Files (x86)\Microsoft Visual Studio 12.0\VC\bin\CL.exe /c /ZI /nologo /W3 /WX- /sdl /Od /Oy- /D WIN32 /D _DEBUG /D _CONSOLE /D _LIB /D _UNICODE /D UNICODE /Gm /EHsc /RTC1 /MDd /GS /fp:precise /Zc:wchar_t /Zc:forScope /Yu"stdafx.h" /Fp"Debug\ConsoleApplication2.pch" /Fo"Debug\\" /Fd"Debug\vc120.pdb" /Gd /TP /analyze- /errorReport:prompt Child01.cpp ConsoleApplication2.cpp Parent01.cpp
         Child01.cpp
         正在生成代码...
         正在编译...
         Parent01.cpp
         ConsoleApplication2.cpp
     1>d:\用户目录\我的文档\visual studio 2013\projects\consoleapplication2\learnc\solution\consoleapplication2\consoleapplication2.cpp(114): warning C4172: 返回局部变量或临时变量的地址
         正在生成代码...
       Link:
         D:\Program Files (x86)\Microsoft Visual Studio 12.0\VC\bin\link.exe /ERRORREPORT:PROMPT /OUT:"D:\用户目录\我的文档\Visual Studio 2013\Projects\ConsoleApplication2\learnc\solution\Debug\ConsoleApplication2.exe" /INCREMENTAL /NOLOGO kernel32.lib user32.lib gdi32.lib winspool.lib comdlg32.lib advapi32.lib shell32.lib ole32.lib oleaut32.lib uuid.lib odbc32.lib odbccp32.lib /MANIFEST /MANIFESTUAC:"level='asInvoker' uiAccess='false'" /manifest:embed /DEBUG /PDB:"D:\用户目录\我的文档\Visual Studio 2013\Projects\ConsoleApplication2\learnc\solution\Debug\ConsoleApplication2.pdb" /SUBSYSTEM:CONSOLE /TLBID:1 /DYNAMICBASE /NXCOMPAT /IMPLIB:"D:\用户目录\我的文档\Visual Studio 2013\Projects\ConsoleApplication2\learnc\solution\Debug\ConsoleApplication2.lib" /MACHINE:X86 Debug\A.obj
         Debug\B.obj
         Debug\B1.obj
         Debug\B2.obj
         Debug\Child01.obj
         Debug\dq.obj
         Debug\dw.obj
         Debug\ConsoleApplication2.obj
         Debug\FriendA.obj
         Debug\FriendB.obj
         Debug\MyArray.obj
         Debug\Parent01.obj
         Debug\stdafx.obj
         ConsoleApplication2.vcxproj -> D:\用户目录\我的文档\Visual Studio 2013\Projects\ConsoleApplication2\learnc\solution\Debug\ConsoleApplication2.exe
     1>已完成生成项目“D:\用户目录\我的文档\Visual Studio 2013\Projects\ConsoleApplication2\learnc\solution\ConsoleApplication2\ConsoleApplication2.vcxproj”(Build 个目标)的操作。

生成成功。

已用时间 00:00:01.09
